app/build/intermediates/manifest_merge_blame_file/debug/manifest-merger-blame-debug-report.txt
1<?xml version="1.0" encoding="utf-8"?>
2<manifest xmlns:android="http://schemas.android.com/apk/res/android"
3    package="com.example.test"
4    android:versionCode="1"
5    android:versionName="1.0" >
6
7    <uses-sdk
8        android:minSdkVersion="24"
8-->src\main\AndroidManifest.xml
9        android:targetSdkVersion="33" />
9-->src\main\AndroidManifest.xml
10
11    <uses-permission android:name="android.permission.INTERNET" />
11-->src\main\AndroidManifest.xml:4:5-66
11-->src\main\AndroidManifest.xml:4:22-64
12
13    <queries>
13-->[com.android.car.ui:car-ui-lib:2.0.0] AndroidManifest.xml:26:5-31:15
14        <provider
14-->[com.android.car.ui:car-ui-lib:2.0.0] AndroidManifest.xml:27:9-30:67
15            android:name="com.android.car.ui.plugin.PluginNameProvider"
15-->[com.android.car.ui:car-ui-lib:2.0.0] AndroidManifest.xml:28:13-72
16            android:authorities="com.android.car.ui.plugin" />
16-->[com.android.car.ui:car-ui-lib:2.0.0] AndroidManifest.xml:29:13-60
17    </queries>
18
19    <permission
19-->[androidx.core:core:1.9.0] AndroidManifest.xml:22:5-24:47
20        android:name="com.example.test.DYNAMIC_RECEIVER_NOT_EXPORTED_PERMISSION"
20-->[androidx.core:core:1.9.0] AndroidManifest.xml:23:9-81
21        android:protectionLevel="signature" />
21-->[androidx.core:core:1.9.0] AndroidManifest.xml:24:9-44
22
23    <uses-permission android:name="com.example.test.DYNAMIC_RECEIVER_NOT_EXPORTED_PERMISSION" />
23-->[androidx.core:core:1.9.0] AndroidManifest.xml:26:5-97
23-->[androidx.core:core:1.9.0] AndroidManifest.xml:26:22-94
24
25    <application
25-->src\main\AndroidManifest.xml:5:5-55:19
26        android:allowBackup="true"
26-->src\main\AndroidManifest.xml:6:9-35
27        android:appComponentFactory="androidx.core.app.CoreComponentFactory"
27-->[androidx.core:core:1.9.0] AndroidManifest.xml:28:18-86
28        android:dataExtractionRules="@xml/data_extraction_rules"
28-->src\main\AndroidManifest.xml:7:9-65
29        android:debuggable="true"
30        android:enableOnBackInvokedCallback="true"
30-->src\main\AndroidManifest.xml:14:9-51
31        android:extractNativeLibs="false"
32        android:fullBackupContent="@xml/backup_rules"
32-->src\main\AndroidManifest.xml:8:9-54
33        android:icon="@drawable/chefhat"
33-->src\main\AndroidManifest.xml:10:9-41
34        android:label="Recipe Wizard"
34-->src\main\AndroidManifest.xml:9:9-38
35        android:logo="@drawable/chefhat"
35-->src\main\AndroidManifest.xml:11:9-41
36        android:supportsRtl="true"
36-->src\main\AndroidManifest.xml:12:9-35
37        android:testOnly="true"
38        android:theme="@style/Theme.Test" >
38-->src\main\AndroidManifest.xml:13:9-42
39        <activity
39-->src\main\AndroidManifest.xml:16:9-18:20
40            android:name="com.example.test.RecipesActivity"
40-->src\main\AndroidManifest.xml:16:19-50
41            android:exported="true" >
41-->src\main\AndroidManifest.xml:17:13-36
42        </activity>
43        <activity
43-->src\main\AndroidManifest.xml:19:9-21:20
44            android:name="com.example.test.RecipeDetailsActivity"
44-->src\main\AndroidManifest.xml:19:19-56
45            android:exported="true" >
45-->src\main\AndroidManifest.xml:20:13-36
46        </activity>
47        <activity
47-->src\main\AndroidManifest.xml:22:9-24:20
48            android:name="com.example.test.SavedRecipesActivity"
48-->src\main\AndroidManifest.xml:22:19-55
49            android:exported="true" >
49-->src\main\AndroidManifest.xml:23:13-36
50        </activity>
51        <activity
51-->src\main\AndroidManifest.xml:25:9-27:20
52            android:name="com.example.test.RecipeSuggestionsActivity"
52-->src\main\AndroidManifest.xml:25:19-60
53            android:exported="true" >
53-->src\main\AndroidManifest.xml:26:13-36
54        </activity>
55        <activity
55-->src\main\AndroidManifest.xml:28:9-30:20
56            android:name="com.example.test.FeaturedRecipeDetailsActivity"
56-->src\main\AndroidManifest.xml:28:19-64
57            android:exported="true" >
57-->src\main\AndroidManifest.xml:29:13-36
58        </activity>
59        <activity
59-->src\main\AndroidManifest.xml:31:9-34:20
60            android:name="com.example.test.HomeActivity"
60-->src\main\AndroidManifest.xml:32:13-41
61            android:exported="true" >
61-->src\main\AndroidManifest.xml:33:13-36
62        </activity>
63        <activity
63-->src\main\AndroidManifest.xml:35:12-37:20
64            android:name="com.example.test.PantryActivity"
64-->src\main\AndroidManifest.xml:35:22-52
65            android:exported="true" >
65-->src\main\AndroidManifest.xml:36:13-36
66        </activity>
67        <activity
67-->src\main\AndroidManifest.xml:38:9-41:20
68            android:name="com.example.test.LoginActivity"
68-->src\main\AndroidManifest.xml:39:13-42
69            android:exported="true" >
69-->src\main\AndroidManifest.xml:40:13-36
70        </activity>
71        <activity
71-->src\main\AndroidManifest.xml:42:9-45:20
72            android:name="com.example.test.RegisterActivity"
72-->src\main\AndroidManifest.xml:43:13-45
73            android:exported="true" >
73-->src\main\AndroidManifest.xml:44:13-36
74        </activity>
75        <activity
75-->src\main\AndroidManifest.xml:46:9-54:20
76            android:name="com.example.test.MainActivity"
76-->src\main\AndroidManifest.xml:47:13-41
77            android:exported="true" >
77-->src\main\AndroidManifest.xml:48:13-36
78            <intent-filter>
78-->src\main\AndroidManifest.xml:49:13-53:29
79                <action android:name="android.intent.action.MAIN" />
79-->src\main\AndroidManifest.xml:50:17-69
79-->src\main\AndroidManifest.xml:50:25-66
80
81                <category android:name="android.intent.category.LAUNCHER" />
81-->src\main\AndroidManifest.xml:52:17-77
81-->src\main\AndroidManifest.xml:52:27-74
82            </intent-filter>
83        </activity>
84
85        <provider
85-->[com.android.car.ui:car-ui-lib:2.0.0] AndroidManifest.xml:34:9-39:71
86            android:name="com.android.car.ui.core.CarUiInstaller"
86-->[com.android.car.ui:car-ui-lib:2.0.0] AndroidManifest.xml:35:13-66
87            android:authorities="com.example.test.CarUiInstaller"
87-->[com.android.car.ui:car-ui-lib:2.0.0] AndroidManifest.xml:36:13-66
88            android:directBootAware="true"
88-->[com.android.car.ui:car-ui-lib:2.0.0] AndroidManifest.xml:37:13-43
89            android:exported="false"
89-->[com.android.car.ui:car-ui-lib:2.0.0] AndroidManifest.xml:38:13-37
90            android:process="@string/car_ui_installer_process_name" />
90-->[com.android.car.ui:car-ui-lib:2.0.0] AndroidManifest.xml:39:13-68
91        <provider
91-->[com.android.car.ui:car-ui-lib:2.0.0] AndroidManifest.xml:40:9-45:79
92            android:name="com.android.car.ui.core.SearchResultsProvider"
92-->[com.android.car.ui:car-ui-lib:2.0.0] AndroidManifest.xml:41:13-73
93            android:authorities="com.example.test.SearchResultsProvider"
93-->[com.android.car.ui:car-ui-lib:2.0.0] AndroidManifest.xml:42:13-73
94            android:exported="true"
94-->[com.android.car.ui:car-ui-lib:2.0.0] AndroidManifest.xml:43:13-36
95            android:process="@string/car_ui_installer_process_name"
95-->[com.android.car.ui:car-ui-lib:2.0.0] AndroidManifest.xml:44:13-68
96            android:readPermission="com.android.car.ui.READ_SEARCH_RESULTS" />
96-->[com.android.car.ui:car-ui-lib:2.0.0] AndroidManifest.xml:45:13-76
97        <provider
97-->[androidx.emoji2:emoji2:1.2.0] AndroidManifest.xml:24:9-32:20
98            android:name="androidx.startup.InitializationProvider"
98-->[androidx.emoji2:emoji2:1.2.0] AndroidManifest.xml:25:13-67
99            android:authorities="com.example.test.androidx-startup"
99-->[androidx.emoji2:emoji2:1.2.0] AndroidManifest.xml:26:13-68
100            android:exported="false" >
100-->[androidx.emoji2:emoji2:1.2.0] AndroidManifest.xml:27:13-37
101            <meta-data
101-->[androidx.emoji2:emoji2:1.2.0] AndroidManifest.xml:29:13-31:52
102                android:name="androidx.emoji2.text.EmojiCompatInitializer"
102-->[androidx.emoji2:emoji2:1.2.0] AndroidManifest.xml:30:17-75
103                android:value="androidx.startup" />
103-->[androidx.emoji2:emoji2:1.2.0] AndroidManifest.xml:31:17-49
104            <meta-data
104-->[androidx.lifecycle:lifecycle-process:2.4.1] AndroidManifest.xml:31:13-33:52
105                android:name="androidx.lifecycle.ProcessLifecycleInitializer"
105-->[androidx.lifecycle:lifecycle-process:2.4.1] AndroidManifest.xml:32:17-78
106                android:value="androidx.startup" />
106-->[androidx.lifecycle:lifecycle-process:2.4.1] AndroidManifest.xml:33:17-49
107        </provider>
108
109        <uses-library
109-->[androidx.window:window:1.0.0] AndroidManifest.xml:25:9-27:40
110            android:name="androidx.window.extensions"
110-->[androidx.window:window:1.0.0] AndroidManifest.xml:26:13-54
111            android:required="false" />
111-->[androidx.window:window:1.0.0] AndroidManifest.xml:27:13-37
112        <uses-library
112-->[androidx.window:window:1.0.0] AndroidManifest.xml:28:9-30:40
113            android:name="androidx.window.sidecar"
113-->[androidx.window:window:1.0.0] AndroidManifest.xml:29:13-51
114            android:required="false" />
114-->[androidx.window:window:1.0.0] AndroidManifest.xml:30:13-37
115    </application>
116
117</manifest>